<?xml version="1.0" encoding="UTF-8"?>
<testng-results ignored="0" total="1" passed="1" failed="0" skipped="0">
  <reporter-output>
  </reporter-output>
  <suite started-at="2024-08-02T00:47:13 BDT" name="Default suite" finished-at="2024-08-02T00:47:41 BDT" duration-ms="28586">
    <groups>
    </groups>
    <test started-at="2024-08-02T00:47:13 BDT" name="Default test" finished-at="2024-08-02T00:47:41 BDT" duration-ms="28586">
      <class name="Tests.RegistationPageTest">
        <test-method is-config="true" signature="setBrowser()[pri:0, instance:Tests.RegistationPageTest@55fe41ea]" started-at="2024-08-02T00:47:12 BDT" name="setBrowser" finished-at="2024-08-02T00:47:13 BDT" duration-ms="1236" status="PASS">
          <reporter-output>
          </reporter-output>
        </test-method> <!-- setBrowser -->
        <test-method is-config="true" signature="openUrl()[pri:0, instance:Tests.RegistationPageTest@55fe41ea]" started-at="2024-08-02T00:47:13 BDT" name="openUrl" finished-at="2024-08-02T00:47:17 BDT" duration-ms="4321" status="PASS">
          <reporter-output>
          </reporter-output>
        </test-method> <!-- openUrl -->
        <test-method signature="createReg()[pri:0, instance:Tests.RegistationPageTest@55fe41ea]" started-at="2024-08-02T00:47:17 BDT" name="createReg" finished-at="2024-08-02T00:47:41 BDT" duration-ms="23897" status="PASS">
          <reporter-output>
          </reporter-output>
        </test-method> <!-- createReg -->
        <test-method is-config="true" signature="reportHtml()[pri:0, instance:Tests.RegistationPageTest@55fe41ea]" started-at="2024-08-02T00:47:41 BDT" name="reportHtml" finished-at="2024-08-02T00:47:41 BDT" duration-ms="341" status="PASS">
          <reporter-output>
          </reporter-output>
        </test-method> <!-- reportHtml -->
      </class> <!-- Tests.RegistationPageTest -->
    </test> <!-- Default test -->
  </suite> <!-- Default suite -->
</testng-results>
